<?xml version="1.0" encoding="UTF-8"?>
<testng-results ignored="0" total="1" passed="1" failed="0" skipped="0">
  <reporter-output>
  </reporter-output>
  <suite started-at="2023-05-20T08:14:02 IST" name="Default suite" finished-at="2023-05-20T08:14:14 IST" duration-ms="12522">
    <groups>
    </groups>
    <test started-at="2023-05-20T08:14:02 IST" name="Default test" finished-at="2023-05-20T08:14:14 IST" duration-ms="12522">
      <class name="mavenpgms.SearchPgm">
        <test-method is-config="true" signature="beforeTest()[pri:0, instance:mavenpgms.SearchPgm@130c12b7]" started-at="2023-05-20T08:14:02 IST" name="beforeTest" finished-at="2023-05-20T08:14:10 IST" duration-ms="8273" status="PASS">
          <reporter-output>
          </reporter-output>
        </test-method> <!-- beforeTest -->
        <test-method signature="Search()[pri:0, instance:mavenpgms.SearchPgm@130c12b7]" started-at="2023-05-20T08:14:10 IST" name="Search" finished-at="2023-05-20T08:14:13 IST" duration-ms="2802" status="PASS">
          <reporter-output>
          </reporter-output>
        </test-method> <!-- Search -->
        <test-method is-config="true" signature="afterTest()[pri:0, instance:mavenpgms.SearchPgm@130c12b7]" started-at="2023-05-20T08:14:13 IST" name="afterTest" finished-at="2023-05-20T08:14:14 IST" duration-ms="1285" status="PASS">
          <reporter-output>
          </reporter-output>
        </test-method> <!-- afterTest -->
      </class> <!-- mavenpgms.SearchPgm -->
    </test> <!-- Default test -->
  </suite> <!-- Default suite -->
</testng-results>
